# JRE version: OpenJDK Runtime Environment (8.0_76-b03) (build 1.8.0_76-release-b03)
# Java VM: OpenJDK 64-Bit Server VM (25.76-b03 mixed mode linux-amd64 compressed oops)
Heap:
 PSYoungGen      total 452608K, used 184566K [0x00000000e0000000, 0x0000000100000000, 0x0000000100000000)
  eden space 380928K, 48% used [0x00000000e0000000,0x00000000eb43da20,0x00000000f7400000)
  from space 71680K, 0% used [0x00000000f7400000,0x00000000f7400000,0x00000000fba00000)
  to   space 71168K, 0% used [0x00000000fba80000,0x00000000fba80000,0x0000000100000000)
 ParOldGen       total 183296K, used 48116K [0x00000000a0000000, 0x00000000ab300000, 0x00000000e0000000)
  object space 183296K, 26% used [0x00000000a0000000,0x00000000a2efd0f8,0x00000000ab300000)
 Metaspace       used 88827K, capacity 92368K, committed 95360K, reserved 1132544K
  class space    used 11071K, capacity 11662K, committed 12416K, reserved 1048576K
GC Heap History (10 events):
Event: 1246,566 GC heap before
{Heap before GC invocations=38 (full 9):
 PSYoungGen      total 428032K, used 428002K [0x00000000e0000000, 0x0000000100000000, 0x0000000100000000)
  eden space 373760K, 100% used [0x00000000e0000000,0x00000000f6d00000,0x00000000f6d00000)
  from space 54272K, 99% used [0x00000000fcb00000,0x00000000ffff8930,0x0000000100000000)
  to   space 75264K, 0% used [0x00000000f6d00000,0x00000000f6d00000,0x00000000fb680000)
 ParOldGen       total 183296K, used 115666K [0x00000000a0000000, 0x00000000ab300000, 0x00000000e0000000)
  object space 183296K, 63% used [0x00000000a0000000,0x00000000a70f49d0,0x00000000ab300000)
 Metaspace       used 90999K, capacity 95236K, committed 95360K, reserved 1132544K
  class space    used 11539K, capacity 12401K, committed 12416K, reserved 1048576K
Event: 1246,620 GC heap after
Heap after GC invocations=38 (full 9):
 PSYoungGen      total 449024K, used 20884K [0x00000000e0000000, 0x0000000100000000, 0x0000000100000000)
  eden space 373760K, 0% used [0x00000000e0000000,0x00000000e0000000,0x00000000f6d00000)
  from space 75264K, 27% used [0x00000000f6d00000,0x00000000f8165148,0x00000000fb680000)
  to   space 71680K, 0% used [0x00000000fba00000,0x00000000fba00000,0x0000000100000000)
 ParOldGen       total 183296K, used 133860K [0x00000000a0000000, 0x00000000ab300000, 0x00000000e0000000)
  object space 183296K, 73% used [0x00000000a0000000,0x00000000a82b9038,0x00000000ab300000)
 Metaspace       used 90999K, capacity 95236K, committed 95360K, reserved 1132544K
  class space    used 11539K, capacity 12401K, committed 12416K, reserved 1048576K
}
Event: 1319,733 GC heap before
{Heap before GC invocations=39 (full 9):
 PSYoungGen      total 449024K, used 267406K [0x00000000e0000000, 0x0000000100000000, 0x0000000100000000)
  eden space 373760K, 65% used [0x00000000e0000000,0x00000000ef0beaa0,0x00000000f6d00000)
  from space 75264K, 27% used [0x00000000f6d00000,0x00000000f8165148,0x00000000fb680000)
  to   space 71680K, 0% used [0x00000000fba00000,0x00000000fba00000,0x0000000100000000)
 ParOldGen       total 183296K, used 133860K [0x00000000a0000000, 0x00000000ab300000, 0x00000000e0000000)
  object space 183296K, 73% used [0x00000000a0000000,0x00000000a82b9038,0x00000000ab300000)
 Metaspace       used 91080K, capacity 95248K, committed 95360K, reserved 1132544K
  class space    used 11540K, capacity 12403K, committed 12416K, reserved 1048576K
Event: 1319,759 GC heap after
Heap after GC invocations=39 (full 9):
 PSYoungGen      total 452608K, used 3137K [0x00000000e0000000, 0x0000000100000000, 0x0000000100000000)
  eden space 380928K, 0% used [0x00000000e0000000,0x00000000e0000000,0x00000000f7400000)
  from space 71680K, 4% used [0x00000000fba00000,0x00000000fbd106b8,0x0000000100000000)
  to   space 71680K, 0% used [0x00000000f7400000,0x00000000f7400000,0x00000000fba00000)
 ParOldGen       total 183296K, used 143865K [0x00000000a0000000, 0x00000000ab300000, 0x00000000e0000000)
  object space 183296K, 78% used [0x00000000a0000000,0x00000000a8c7e738,0x00000000ab300000)
 Metaspace       used 91080K, capacity 95248K, committed 95360K, reserved 1132544K
  class space    used 11540K, capacity 12403K, committed 12416K, reserved 1048576K
}
Event: 1319,759 GC heap before
{Heap before GC invocations=40 (full 10):
 PSYoungGen      total 452608K, used 3137K [0x00000000e0000000, 0x0000000100000000, 0x0000000100000000)
  eden space 380928K, 0% used [0x00000000e0000000,0x00000000e0000000,0x00000000f7400000)
  from space 71680K, 4% used [0x00000000fba00000,0x00000000fbd106b8,0x0000000100000000)
  to   space 71680K, 0% used [0x00000000f7400000,0x00000000f7400000,0x00000000fba00000)
 ParOldGen       total 183296K, used 143865K [0x00000000a0000000, 0x00000000ab300000, 0x00000000e0000000)
  object space 183296K, 78% used [0x00000000a0000000,0x00000000a8c7e738,0x00000000ab300000)
 Metaspace       used 91080K, capacity 95248K, committed 95360K, reserved 1132544K
  class space    used 11540K, capacity 12403K, committed 12416K, reserved 1048576K
Event: 1320,369 GC heap after
Heap after GC invocations=40 (full 10):
 PSYoungGen      total 452608K, used 0K [0x00000000e0000000, 0x0000000100000000, 0x0000000100000000)
  eden space 380928K, 0% used [0x00000000e0000000,0x00000000e0000000,0x00000000f7400000)
  from space 71680K, 0% used [0x00000000fba00000,0x00000000fba00000,0x0000000100000000)
  to   space 71680K, 0% used [0x00000000f7400000,0x00000000f7400000,0x00000000fba00000)
 ParOldGen       total 183296K, used 75774K [0x00000000a0000000, 0x00000000ab300000, 0x00000000e0000000)
  object space 183296K, 41% used [0x00000000a0000000,0x00000000a49ffad8,0x00000000ab300000)
 Metaspace       used 90345K, capacity 94436K, committed 95360K, reserved 1132544K
  class space    used 11458K, capacity 12299K, committed 12416K, reserved 1048576K
}
Event: 2173,811 GC heap before
{Heap before GC invocations=41 (full 10):
 PSYoungGen      total 452608K, used 133943K [0x00000000e0000000, 0x0000000100000000, 0x0000000100000000)
  eden space 380928K, 35% used [0x00000000e0000000,0x00000000e82cdc00,0x00000000f7400000)
  from space 71680K, 0% used [0x00000000fba00000,0x00000000fba00000,0x0000000100000000)
  to   space 71680K, 0% used [0x00000000f7400000,0x00000000f7400000,0x00000000fba00000)
 ParOldGen       total 183296K, used 75774K [0x00000000a0000000, 0x00000000ab300000, 0x00000000e0000000)
  object space 183296K, 41% used [0x00000000a0000000,0x00000000a49ffad8,0x00000000ab300000)
 Metaspace       used 90542K, capacity 94834K, committed 95360K, reserved 1132544K
  class space    used 11474K, capacity 12316K, committed 12416K, reserved 1048576K
Event: 2176,688 GC heap after
Heap after GC invocations=41 (full 10):
 PSYoungGen      total 452608K, used 1328K [0x00000000e0000000, 0x0000000100000000, 0x0000000100000000)
  eden space 380928K, 0% used [0x00000000e0000000,0x00000000e0000000,0x00000000f7400000)
  from space 71680K, 1% used [0x00000000f7400000,0x00000000f754c020,0x00000000fba00000)
  to   space 71168K, 0% used [0x00000000fba80000,0x00000000fba80000,0x0000000100000000)
 ParOldGen       total 183296K, used 75782K [0x00000000a0000000, 0x00000000ab300000, 0x00000000e0000000)
  object space 183296K, 41% used [0x00000000a0000000,0x00000000a4a01ad8,0x00000000ab300000)
 Metaspace       used 90542K, capacity 94834K, committed 95360K, reserved 1132544K
  class space    used 11474K, capacity 12316K, committed 12416K, reserved 1048576K
}
Event: 2176,688 GC heap before
{Heap before GC invocations=42 (full 11):
 PSYoungGen      total 452608K, used 1328K [0x00000000e0000000, 0x0000000100000000, 0x0000000100000000)
  eden space 380928K, 0% used [0x00000000e0000000,0x00000000e0000000,0x00000000f7400000)
  from space 71680K, 1% used [0x00000000f7400000,0x00000000f754c020,0x00000000fba00000)
  to   space 71168K, 0% used [0x00000000fba80000,0x00000000fba80000,0x0000000100000000)
 ParOldGen       total 183296K, used 75782K [0x00000000a0000000, 0x00000000ab300000, 0x00000000e0000000)
  object space 183296K, 41% used [0x00000000a0000000,0x00000000a4a01ad8,0x00000000ab300000)
 Metaspace       used 90542K, capacity 94834K, committed 95360K, reserved 1132544K
  class space    used 11474K, capacity 12316K, committed 12416K, reserved 1048576K
Event: 2180,368 GC heap after
Heap after GC invocations=42 (full 11):
 PSYoungGen      total 452608K, used 0K [0x00000000e0000000, 0x0000000100000000, 0x0000000100000000)
  eden space 380928K, 0% used [0x00000000e0000000,0x00000000e0000000,0x00000000f7400000)
  from space 71680K, 0% used [0x00000000f7400000,0x00000000f7400000,0x00000000fba00000)
  to   space 71168K, 0% used [0x00000000fba80000,0x00000000fba80000,0x0000000100000000)
 ParOldGen       total 183296K, used 48116K [0x00000000a0000000, 0x00000000ab300000, 0x00000000e0000000)
  object space 183296K, 26% used [0x00000000a0000000,0x00000000a2efd0f8,0x00000000ab300000)
 Metaspace       used 87790K, capacity 90914K, committed 95360K, reserved 1132544K
  class space    used 10936K, capacity 11469K, committed 12416K, reserved 1048576K
}

